2024-03-18, 22:17:02.211, INFO , *****************************
2024-03-18, 22:17:02.211, INFO , Logger System Start......
2024-03-18, 22:17:02.211, INFO , *****************************
2024-03-18, 22:17:02.211, INFO , checkCudaVersion() : *** Device: 0 ,NVIDIA GeForce RTX 3070***
2024-03-18, 22:17:02.211, INFO , checkCudaVersion() : CUDA Drive Version: 11 , 4
2024-03-18, 22:17:02.212, INFO , checkCudaVersion() : CUDA Runtime Version: 11 , 2
2024-03-18, 22:17:02.212, INFO , checkCudaVersion() : Device computing capacity: 80
2024-03-18, 22:17:02.212, INFO , checkCudaVersion() : Total amount of Global Memory: 8589934592
2024-03-18, 22:17:02.212, INFO , checkCudaVersion() : Number of SMs: 46
2024-03-18, 22:17:02.212, INFO , checkCudaVersion() : Total amount of Constant Memory: 65536
2024-03-18, 22:17:02.213, INFO , checkCudaVersion() : Total amount of Shared Memory per block: 49152
2024-03-18, 22:17:02.213, INFO , checkCudaVersion() : Total number of registers available per block: 65536
2024-03-18, 22:17:02.214, INFO , checkCudaVersion() : Warp size: 32
2024-03-18, 22:17:02.214, INFO , checkCudaVersion() : Maximum number of threads per SM: 1536
2024-03-18, 22:17:02.214, INFO , checkCudaVersion() : Maximum number of threads per block: 1024
2024-03-18, 22:17:02.214, INFO , checkCudaVersion() : Maximum size of each dimension of a block: 1024, 1024, 64
2024-03-18, 22:17:02.214, INFO , checkCudaVersion() : Maximum size of each dimension of a grid: 2147483647, 65535, 65535
2024-03-18, 22:17:02.214, INFO , checkCudaVersion() : Maximum memory pitch: 2147483647
2024-03-18, 22:17:02.214, INFO , checkCudaVersion() : Texture alignment: 32
2024-03-18, 22:17:02.214, INFO , checkCudaVersion() : Clock rate: 1.83
2024-03-18, 22:17:02.214, INFO , checkCudaVersion() : Memory Clock rate: 7001
2024-03-18, 22:17:02.214, INFO , checkCudaVersion() : Memory Bus Width: 256
2024-03-18, 22:17:02.214, INFO , checkVtkVersion() : Source version: vtk version 9.1.0
2024-03-18, 22:17:02.215, INFO , checkVtkVersion() : Major Version: 9
2024-03-18, 22:17:02.215, INFO , checkVtkVersion() : Minor version: 1
2024-03-18, 22:17:06.442, ERROR, RobotUtility::getCurrentRobotPoseByRCF() : Error:Network connection to 192.168.1.3:50001 timed out after 2000 ms (server not started?).
2024-03-18, 22:17:10.449, ERROR, RobotUtility::getCurrentRobotPoseByRCF() : Error:Network connection to 192.168.1.3:50001 timed out after 2000 ms (server not started?).
2024-03-18, 22:17:14.451, ERROR, RobotUtility::getCurrentRobotPoseByRCF() : Error:Network connection to 192.168.1.3:50001 timed out after 2000 ms (server not started?).
2024-03-18, 22:17:18.458, ERROR, RobotUtility::getCurrentRobotPoseByRCF() : Error:Network connection to 192.168.1.3:50001 timed out after 2000 ms (server not started?).
2024-03-18, 22:17:22.465, ERROR, RobotUtility::getCurrentRobotPoseByRCF() : Error:Network connection to 192.168.1.3:50001 timed out after 2000 ms (server not started?).
2024-03-18, 22:17:26.468, ERROR, RobotUtility::getCurrentRobotPoseByRCF() : Error:Network connection to 192.168.1.3:50001 timed out after 2000 ms (server not started?).
2024-03-18, 22:17:30.477, ERROR, RobotUtility::getCurrentRobotPoseByRCF() : Error:Network connection to 192.168.1.3:50001 timed out after 2000 ms (server not started?).
2024-03-18, 22:17:34.494, ERROR, RobotUtility::getCurrentRobotPoseByRCF() : Error:Network connection to 192.168.1.3:50001 timed out after 2000 ms (server not started?).
2024-03-18, 22:20:09.135, INFO , *****************************
2024-03-18, 22:20:09.135, INFO , Logger System Start......
2024-03-18, 22:20:09.135, INFO , *****************************
2024-03-18, 22:20:09.135, INFO , checkCudaVersion() : *** Device: 0 ,NVIDIA GeForce RTX 3070***
2024-03-18, 22:20:09.135, INFO , checkCudaVersion() : CUDA Drive Version: 11 , 4
2024-03-18, 22:20:09.135, INFO , checkCudaVersion() : CUDA Runtime Version: 11 , 2
2024-03-18, 22:20:09.135, INFO , checkCudaVersion() : Device computing capacity: 80
2024-03-18, 22:20:09.136, INFO , checkCudaVersion() : Total amount of Global Memory: 8589934592
2024-03-18, 22:20:09.136, INFO , checkCudaVersion() : Number of SMs: 46
2024-03-18, 22:20:09.136, INFO , checkCudaVersion() : Total amount of Constant Memory: 65536
2024-03-18, 22:20:09.136, INFO , checkCudaVersion() : Total amount of Shared Memory per block: 49152
2024-03-18, 22:20:09.136, INFO , checkCudaVersion() : Total number of registers available per block: 65536
2024-03-18, 22:20:09.136, INFO , checkCudaVersion() : Warp size: 32
2024-03-18, 22:20:09.136, INFO , checkCudaVersion() : Maximum number of threads per SM: 1536
2024-03-18, 22:20:09.136, INFO , checkCudaVersion() : Maximum number of threads per block: 1024
2024-03-18, 22:20:09.136, INFO , checkCudaVersion() : Maximum size of each dimension of a block: 1024, 1024, 64
2024-03-18, 22:20:09.136, INFO , checkCudaVersion() : Maximum size of each dimension of a grid: 2147483647, 65535, 65535
2024-03-18, 22:20:09.137, INFO , checkCudaVersion() : Maximum memory pitch: 2147483647
2024-03-18, 22:20:09.137, INFO , checkCudaVersion() : Texture alignment: 32
2024-03-18, 22:20:09.137, INFO , checkCudaVersion() : Clock rate: 1.83
2024-03-18, 22:20:09.137, INFO , checkCudaVersion() : Memory Clock rate: 7001
2024-03-18, 22:20:09.137, INFO , checkCudaVersion() : Memory Bus Width: 256
2024-03-18, 22:20:09.137, INFO , checkVtkVersion() : Source version: vtk version 9.1.0
2024-03-18, 22:20:09.137, INFO , checkVtkVersion() : Major Version: 9
2024-03-18, 22:20:09.137, INFO , checkVtkVersion() : Minor version: 1
2024-03-18, 22:20:13.390, ERROR, RobotUtility::getCurrentRobotPoseByRCF() : Error:Network connection to 192.168.1.3:50001 timed out after 2000 ms (server not started?).
2024-03-18, 22:20:46.034, INFO , *****************************
2024-03-18, 22:20:46.035, INFO , Logger System Start......
2024-03-18, 22:20:46.035, INFO , *****************************
2024-03-18, 22:20:46.035, INFO , checkCudaVersion() : *** Device: 0 ,NVIDIA GeForce RTX 3070***
2024-03-18, 22:20:46.035, INFO , checkCudaVersion() : CUDA Drive Version: 11 , 4
2024-03-18, 22:20:46.035, INFO , checkCudaVersion() : CUDA Runtime Version: 11 , 2
2024-03-18, 22:20:46.036, INFO , checkCudaVersion() : Device computing capacity: 80
2024-03-18, 22:20:46.036, INFO , checkCudaVersion() : Total amount of Global Memory: 8589934592
2024-03-18, 22:20:46.036, INFO , checkCudaVersion() : Number of SMs: 46
2024-03-18, 22:20:46.036, INFO , checkCudaVersion() : Total amount of Constant Memory: 65536
2024-03-18, 22:20:46.036, INFO , checkCudaVersion() : Total amount of Shared Memory per block: 49152
2024-03-18, 22:20:46.036, INFO , checkCudaVersion() : Total number of registers available per block: 65536
2024-03-18, 22:20:46.036, INFO , checkCudaVersion() : Warp size: 32
2024-03-18, 22:20:46.036, INFO , checkCudaVersion() : Maximum number of threads per SM: 1536
2024-03-18, 22:20:46.037, INFO , checkCudaVersion() : Maximum number of threads per block: 1024
2024-03-18, 22:20:46.037, INFO , checkCudaVersion() : Maximum size of each dimension of a block: 1024, 1024, 64
2024-03-18, 22:20:46.037, INFO , checkCudaVersion() : Maximum size of each dimension of a grid: 2147483647, 65535, 65535
2024-03-18, 22:20:46.037, INFO , checkCudaVersion() : Maximum memory pitch: 2147483647
2024-03-18, 22:20:46.037, INFO , checkCudaVersion() : Texture alignment: 32
2024-03-18, 22:20:46.037, INFO , checkCudaVersion() : Clock rate: 1.83
2024-03-18, 22:20:46.037, INFO , checkCudaVersion() : Memory Clock rate: 7001
2024-03-18, 22:20:46.038, INFO , checkCudaVersion() : Memory Bus Width: 256
2024-03-18, 22:20:46.038, INFO , checkVtkVersion() : Source version: vtk version 9.1.0
2024-03-18, 22:20:46.038, INFO , checkVtkVersion() : Major Version: 9
2024-03-18, 22:20:46.038, INFO , checkVtkVersion() : Minor version: 1
2024-03-18, 22:20:50.266, ERROR, RobotUtility::getCurrentRobotPoseByRCF() : Error:Network connection to 192.168.1.3:50001 timed out after 2000 ms (server not started?).
2024-03-18, 22:21:18.519, INFO , *****************************
2024-03-18, 22:21:18.519, INFO , Logger System Start......
2024-03-18, 22:21:18.520, INFO , *****************************
2024-03-18, 22:21:18.520, INFO , checkCudaVersion() : *** Device: 0 ,NVIDIA GeForce RTX 3070***
2024-03-18, 22:21:18.520, INFO , checkCudaVersion() : CUDA Drive Version: 11 , 4
2024-03-18, 22:21:18.520, INFO , checkCudaVersion() : CUDA Runtime Version: 11 , 2
2024-03-18, 22:21:18.520, INFO , checkCudaVersion() : Device computing capacity: 80
2024-03-18, 22:21:18.520, INFO , checkCudaVersion() : Total amount of Global Memory: 8589934592
2024-03-18, 22:21:18.520, INFO , checkCudaVersion() : Number of SMs: 46
2024-03-18, 22:21:18.520, INFO , checkCudaVersion() : Total amount of Constant Memory: 65536
2024-03-18, 22:21:18.520, INFO , checkCudaVersion() : Total amount of Shared Memory per block: 49152
2024-03-18, 22:21:18.521, INFO , checkCudaVersion() : Total number of registers available per block: 65536
2024-03-18, 22:21:18.521, INFO , checkCudaVersion() : Warp size: 32
2024-03-18, 22:21:18.521, INFO , checkCudaVersion() : Maximum number of threads per SM: 1536
2024-03-18, 22:21:18.521, INFO , checkCudaVersion() : Maximum number of threads per block: 1024
2024-03-18, 22:21:18.521, INFO , checkCudaVersion() : Maximum size of each dimension of a block: 1024, 1024, 64
2024-03-18, 22:21:18.521, INFO , checkCudaVersion() : Maximum size of each dimension of a grid: 2147483647, 65535, 65535
2024-03-18, 22:21:18.521, INFO , checkCudaVersion() : Maximum memory pitch: 2147483647
2024-03-18, 22:21:18.521, INFO , checkCudaVersion() : Texture alignment: 32
2024-03-18, 22:21:18.521, INFO , checkCudaVersion() : Clock rate: 1.83
2024-03-18, 22:21:18.522, INFO , checkCudaVersion() : Memory Clock rate: 7001
2024-03-18, 22:21:18.522, INFO , checkCudaVersion() : Memory Bus Width: 256
2024-03-18, 22:21:18.522, INFO , checkVtkVersion() : Source version: vtk version 9.1.0
2024-03-18, 22:21:18.522, INFO , checkVtkVersion() : Major Version: 9
2024-03-18, 22:21:18.522, INFO , checkVtkVersion() : Minor version: 1
2024-03-18, 22:21:22.759, ERROR, RobotUtility::getCurrentRobotPoseByRCF() : Error:Network connection to 192.168.1.3:50001 timed out after 2000 ms (server not started?).
2024-03-18, 22:21:26.778, ERROR, RobotUtility::getCurrentRobotPoseByRCF() : Error:Network connection to 192.168.1.3:50001 timed out after 2000 ms (server not started?).
2024-03-18, 22:22:00.691, INFO , *****************************
2024-03-18, 22:22:00.691, INFO , Logger System Start......
2024-03-18, 22:22:00.691, INFO , *****************************
2024-03-18, 22:22:00.692, INFO , checkCudaVersion() : *** Device: 0 ,NVIDIA GeForce RTX 3070***
2024-03-18, 22:22:00.692, INFO , checkCudaVersion() : CUDA Drive Version: 11 , 4
2024-03-18, 22:22:00.692, INFO , checkCudaVersion() : CUDA Runtime Version: 11 , 2
2024-03-18, 22:22:00.692, INFO , checkCudaVersion() : Device computing capacity: 80
2024-03-18, 22:22:00.692, INFO , checkCudaVersion() : Total amount of Global Memory: 8589934592
2024-03-18, 22:22:00.692, INFO , checkCudaVersion() : Number of SMs: 46
2024-03-18, 22:22:00.692, INFO , checkCudaVersion() : Total amount of Constant Memory: 65536
2024-03-18, 22:22:00.692, INFO , checkCudaVersion() : Total amount of Shared Memory per block: 49152
2024-03-18, 22:22:00.692, INFO , checkCudaVersion() : Total number of registers available per block: 65536
2024-03-18, 22:22:00.692, INFO , checkCudaVersion() : Warp size: 32
2024-03-18, 22:22:00.693, INFO , checkCudaVersion() : Maximum number of threads per SM: 1536
2024-03-18, 22:22:00.693, INFO , checkCudaVersion() : Maximum number of threads per block: 1024
2024-03-18, 22:22:00.693, INFO , checkCudaVersion() : Maximum size of each dimension of a block: 1024, 1024, 64
2024-03-18, 22:22:00.693, INFO , checkCudaVersion() : Maximum size of each dimension of a grid: 2147483647, 65535, 65535
2024-03-18, 22:22:00.693, INFO , checkCudaVersion() : Maximum memory pitch: 2147483647
2024-03-18, 22:22:00.693, INFO , checkCudaVersion() : Texture alignment: 32
2024-03-18, 22:22:00.693, INFO , checkCudaVersion() : Clock rate: 1.83
2024-03-18, 22:22:00.693, INFO , checkCudaVersion() : Memory Clock rate: 7001
2024-03-18, 22:22:00.693, INFO , checkCudaVersion() : Memory Bus Width: 256
2024-03-18, 22:22:00.693, INFO , checkVtkVersion() : Source version: vtk version 9.1.0
2024-03-18, 22:22:00.694, INFO , checkVtkVersion() : Major Version: 9
2024-03-18, 22:22:00.694, INFO , checkVtkVersion() : Minor version: 1
2024-03-18, 22:22:04.930, ERROR, RobotUtility::getCurrentRobotPoseByRCF() : Error:Network connection to 192.168.1.3:50001 timed out after 2000 ms (server not started?).
2024-03-18, 22:24:00.011, INFO , *****************************
2024-03-18, 22:24:00.011, INFO , Logger System Start......
2024-03-18, 22:24:00.012, INFO , *****************************
2024-03-18, 22:24:00.012, INFO , checkCudaVersion() : *** Device: 0 ,NVIDIA GeForce RTX 3070***
2024-03-18, 22:24:00.012, INFO , checkCudaVersion() : CUDA Drive Version: 11 , 4
2024-03-18, 22:24:00.012, INFO , checkCudaVersion() : CUDA Runtime Version: 11 , 2
2024-03-18, 22:24:00.012, INFO , checkCudaVersion() : Device computing capacity: 80
2024-03-18, 22:24:00.012, INFO , checkCudaVersion() : Total amount of Global Memory: 8589934592
2024-03-18, 22:24:00.012, INFO , checkCudaVersion() : Number of SMs: 46
2024-03-18, 22:24:00.013, INFO , checkCudaVersion() : Total amount of Constant Memory: 65536
2024-03-18, 22:24:00.013, INFO , checkCudaVersion() : Total amount of Shared Memory per block: 49152
2024-03-18, 22:24:00.013, INFO , checkCudaVersion() : Total number of registers available per block: 65536
2024-03-18, 22:24:00.013, INFO , checkCudaVersion() : Warp size: 32
2024-03-18, 22:24:00.013, INFO , checkCudaVersion() : Maximum number of threads per SM: 1536
2024-03-18, 22:24:00.014, INFO , checkCudaVersion() : Maximum number of threads per block: 1024
2024-03-18, 22:24:00.014, INFO , checkCudaVersion() : Maximum size of each dimension of a block: 1024, 1024, 64
2024-03-18, 22:24:00.014, INFO , checkCudaVersion() : Maximum size of each dimension of a grid: 2147483647, 65535, 65535
2024-03-18, 22:24:00.014, INFO , checkCudaVersion() : Maximum memory pitch: 2147483647
2024-03-18, 22:24:00.014, INFO , checkCudaVersion() : Texture alignment: 32
2024-03-18, 22:24:00.015, INFO , checkCudaVersion() : Clock rate: 1.83
2024-03-18, 22:24:00.015, INFO , checkCudaVersion() : Memory Clock rate: 7001
2024-03-18, 22:24:00.015, INFO , checkCudaVersion() : Memory Bus Width: 256
2024-03-18, 22:24:00.015, INFO , checkVtkVersion() : Source version: vtk version 9.1.0
2024-03-18, 22:24:00.015, INFO , checkVtkVersion() : Major Version: 9
2024-03-18, 22:24:00.015, INFO , checkVtkVersion() : Minor version: 1
2024-03-18, 22:24:04.263, ERROR, RobotUtility::getCurrentRobotPoseByRCF() : Error:Network connection to 192.168.1.3:50001 timed out after 2000 ms (server not started?).
2024-03-18, 22:24:29.175, INFO , *****************************
2024-03-18, 22:24:29.175, INFO , Logger System Start......
2024-03-18, 22:24:29.175, INFO , *****************************
2024-03-18, 22:24:29.176, INFO , checkCudaVersion() : *** Device: 0 ,NVIDIA GeForce RTX 3070***
2024-03-18, 22:24:29.176, INFO , checkCudaVersion() : CUDA Drive Version: 11 , 4
2024-03-18, 22:24:29.176, INFO , checkCudaVersion() : CUDA Runtime Version: 11 , 2
2024-03-18, 22:24:29.176, INFO , checkCudaVersion() : Device computing capacity: 80
2024-03-18, 22:24:29.176, INFO , checkCudaVersion() : Total amount of Global Memory: 8589934592
2024-03-18, 22:24:29.176, INFO , checkCudaVersion() : Number of SMs: 46
2024-03-18, 22:24:29.176, INFO , checkCudaVersion() : Total amount of Constant Memory: 65536
2024-03-18, 22:24:29.176, INFO , checkCudaVersion() : Total amount of Shared Memory per block: 49152
2024-03-18, 22:24:29.176, INFO , checkCudaVersion() : Total number of registers available per block: 65536
2024-03-18, 22:24:29.176, INFO , checkCudaVersion() : Warp size: 32
2024-03-18, 22:24:29.177, INFO , checkCudaVersion() : Maximum number of threads per SM: 1536
2024-03-18, 22:24:29.177, INFO , checkCudaVersion() : Maximum number of threads per block: 1024
2024-03-18, 22:24:29.177, INFO , checkCudaVersion() : Maximum size of each dimension of a block: 1024, 1024, 64
2024-03-18, 22:24:29.177, INFO , checkCudaVersion() : Maximum size of each dimension of a grid: 2147483647, 65535, 65535
2024-03-18, 22:24:29.177, INFO , checkCudaVersion() : Maximum memory pitch: 2147483647
2024-03-18, 22:24:29.177, INFO , checkCudaVersion() : Texture alignment: 32
2024-03-18, 22:24:29.177, INFO , checkCudaVersion() : Clock rate: 1.83
2024-03-18, 22:24:29.177, INFO , checkCudaVersion() : Memory Clock rate: 7001
2024-03-18, 22:24:29.177, INFO , checkCudaVersion() : Memory Bus Width: 256
2024-03-18, 22:24:29.178, INFO , checkVtkVersion() : Source version: vtk version 9.1.0
2024-03-18, 22:24:29.178, INFO , checkVtkVersion() : Major Version: 9
2024-03-18, 22:24:29.178, INFO , checkVtkVersion() : Minor version: 1
2024-03-18, 22:24:33.416, ERROR, RobotUtility::getCurrentRobotPoseByRCF() : Error:Network connection to 192.168.1.3:50001 timed out after 2000 ms (server not started?).
2024-03-18, 22:24:37.431, ERROR, RobotUtility::getCurrentRobotPoseByRCF() : Error:Network connection to 192.168.1.3:50001 timed out after 2000 ms (server not started?).
2024-03-18, 22:24:41.450, ERROR, RobotUtility::getCurrentRobotPoseByRCF() : Error:Network connection to 192.168.1.3:50001 timed out after 2000 ms (server not started?).
2024-03-18, 22:24:45.466, ERROR, RobotUtility::getCurrentRobotPoseByRCF() : Error:Network connection to 192.168.1.3:50001 timed out after 2000 ms (server not started?).
2024-03-18, 22:26:24.213, INFO , *****************************
2024-03-18, 22:26:24.214, INFO , Logger System Start......
2024-03-18, 22:26:24.214, INFO , *****************************
2024-03-18, 22:26:24.214, INFO , checkCudaVersion() : *** Device: 0 ,NVIDIA GeForce RTX 3070***
2024-03-18, 22:26:24.214, INFO , checkCudaVersion() : CUDA Drive Version: 11 , 4
2024-03-18, 22:26:24.214, INFO , checkCudaVersion() : CUDA Runtime Version: 11 , 2
2024-03-18, 22:26:24.214, INFO , checkCudaVersion() : Device computing capacity: 80
2024-03-18, 22:26:24.214, INFO , checkCudaVersion() : Total amount of Global Memory: 8589934592
2024-03-18, 22:26:24.214, INFO , checkCudaVersion() : Number of SMs: 46
2024-03-18, 22:26:24.215, INFO , checkCudaVersion() : Total amount of Constant Memory: 65536
2024-03-18, 22:26:24.215, INFO , checkCudaVersion() : Total amount of Shared Memory per block: 49152
2024-03-18, 22:26:24.215, INFO , checkCudaVersion() : Total number of registers available per block: 65536
2024-03-18, 22:26:24.215, INFO , checkCudaVersion() : Warp size: 32
2024-03-18, 22:26:24.215, INFO , checkCudaVersion() : Maximum number of threads per SM: 1536
2024-03-18, 22:26:24.215, INFO , checkCudaVersion() : Maximum number of threads per block: 1024
2024-03-18, 22:26:24.215, INFO , checkCudaVersion() : Maximum size of each dimension of a block: 1024, 1024, 64
2024-03-18, 22:26:24.215, INFO , checkCudaVersion() : Maximum size of each dimension of a grid: 2147483647, 65535, 65535
2024-03-18, 22:26:24.215, INFO , checkCudaVersion() : Maximum memory pitch: 2147483647
2024-03-18, 22:26:24.215, INFO , checkCudaVersion() : Texture alignment: 32
2024-03-18, 22:26:24.216, INFO , checkCudaVersion() : Clock rate: 1.83
2024-03-18, 22:26:24.216, INFO , checkCudaVersion() : Memory Clock rate: 7001
2024-03-18, 22:26:24.216, INFO , checkCudaVersion() : Memory Bus Width: 256
2024-03-18, 22:26:24.216, INFO , checkVtkVersion() : Source version: vtk version 9.1.0
2024-03-18, 22:26:24.216, INFO , checkVtkVersion() : Major Version: 9
2024-03-18, 22:26:24.216, INFO , checkVtkVersion() : Minor version: 1
2024-03-18, 22:26:28.464, ERROR, RobotUtility::getCurrentRobotPoseByRCF() : Error:Network connection to 192.168.1.3:50001 timed out after 2000 ms (server not started?).
2024-03-18, 22:26:32.466, ERROR, RobotUtility::getCurrentRobotPoseByRCF() : Error:Network connection to 192.168.1.3:50001 timed out after 2000 ms (server not started?).
2024-03-18, 22:26:36.473, ERROR, RobotUtility::getCurrentRobotPoseByRCF() : Error:Network connection to 192.168.1.3:50001 timed out after 2000 ms (server not started?).
2024-03-18, 22:27:17.479, INFO , *****************************
2024-03-18, 22:27:17.480, INFO , Logger System Start......
2024-03-18, 22:27:17.480, INFO , *****************************
2024-03-18, 22:27:17.480, INFO , checkCudaVersion() : *** Device: 0 ,NVIDIA GeForce RTX 3070***
2024-03-18, 22:27:17.480, INFO , checkCudaVersion() : CUDA Drive Version: 11 , 4
2024-03-18, 22:27:17.480, INFO , checkCudaVersion() : CUDA Runtime Version: 11 , 2
2024-03-18, 22:27:17.480, INFO , checkCudaVersion() : Device computing capacity: 80
2024-03-18, 22:27:17.480, INFO , checkCudaVersion() : Total amount of Global Memory: 8589934592
2024-03-18, 22:27:17.480, INFO , checkCudaVersion() : Number of SMs: 46
2024-03-18, 22:27:17.480, INFO , checkCudaVersion() : Total amount of Constant Memory: 65536
2024-03-18, 22:27:17.481, INFO , checkCudaVersion() : Total amount of Shared Memory per block: 49152
2024-03-18, 22:27:17.481, INFO , checkCudaVersion() : Total number of registers available per block: 65536
2024-03-18, 22:27:17.481, INFO , checkCudaVersion() : Warp size: 32
2024-03-18, 22:27:17.481, INFO , checkCudaVersion() : Maximum number of threads per SM: 1536
2024-03-18, 22:27:17.481, INFO , checkCudaVersion() : Maximum number of threads per block: 1024
2024-03-18, 22:27:17.481, INFO , checkCudaVersion() : Maximum size of each dimension of a block: 1024, 1024, 64
2024-03-18, 22:27:17.481, INFO , checkCudaVersion() : Maximum size of each dimension of a grid: 2147483647, 65535, 65535
2024-03-18, 22:27:17.481, INFO , checkCudaVersion() : Maximum memory pitch: 2147483647
2024-03-18, 22:27:17.481, INFO , checkCudaVersion() : Texture alignment: 32
2024-03-18, 22:27:17.482, INFO , checkCudaVersion() : Clock rate: 1.83
2024-03-18, 22:27:17.482, INFO , checkCudaVersion() : Memory Clock rate: 7001
2024-03-18, 22:27:17.482, INFO , checkCudaVersion() : Memory Bus Width: 256
2024-03-18, 22:27:17.482, INFO , checkVtkVersion() : Source version: vtk version 9.1.0
2024-03-18, 22:27:17.482, INFO , checkVtkVersion() : Major Version: 9
2024-03-18, 22:27:17.482, INFO , checkVtkVersion() : Minor version: 1
2024-03-18, 22:27:21.710, ERROR, RobotUtility::getCurrentRobotPoseByRCF() : Error:Network connection to 192.168.1.3:50001 timed out after 2000 ms (server not started?).
2024-03-18, 22:27:54.503, INFO , *****************************
2024-03-18, 22:27:54.503, INFO , Logger System Start......
2024-03-18, 22:27:54.503, INFO , *****************************
2024-03-18, 22:27:54.503, INFO , checkCudaVersion() : *** Device: 0 ,NVIDIA GeForce RTX 3070***
2024-03-18, 22:27:54.503, INFO , checkCudaVersion() : CUDA Drive Version: 11 , 4
2024-03-18, 22:27:54.503, INFO , checkCudaVersion() : CUDA Runtime Version: 11 , 2
2024-03-18, 22:27:54.504, INFO , checkCudaVersion() : Device computing capacity: 80
2024-03-18, 22:27:54.504, INFO , checkCudaVersion() : Total amount of Global Memory: 8589934592
2024-03-18, 22:27:54.504, INFO , checkCudaVersion() : Number of SMs: 46
2024-03-18, 22:27:54.504, INFO , checkCudaVersion() : Total amount of Constant Memory: 65536
2024-03-18, 22:27:54.504, INFO , checkCudaVersion() : Total amount of Shared Memory per block: 49152
2024-03-18, 22:27:54.504, INFO , checkCudaVersion() : Total number of registers available per block: 65536
2024-03-18, 22:27:54.504, INFO , checkCudaVersion() : Warp size: 32
2024-03-18, 22:27:54.504, INFO , checkCudaVersion() : Maximum number of threads per SM: 1536
2024-03-18, 22:27:54.504, INFO , checkCudaVersion() : Maximum number of threads per block: 1024
2024-03-18, 22:27:54.504, INFO , checkCudaVersion() : Maximum size of each dimension of a block: 1024, 1024, 64
2024-03-18, 22:27:54.505, INFO , checkCudaVersion() : Maximum size of each dimension of a grid: 2147483647, 65535, 65535
2024-03-18, 22:27:54.505, INFO , checkCudaVersion() : Maximum memory pitch: 2147483647
2024-03-18, 22:27:54.505, INFO , checkCudaVersion() : Texture alignment: 32
2024-03-18, 22:27:54.505, INFO , checkCudaVersion() : Clock rate: 1.83
2024-03-18, 22:27:54.505, INFO , checkCudaVersion() : Memory Clock rate: 7001
2024-03-18, 22:27:54.505, INFO , checkCudaVersion() : Memory Bus Width: 256
2024-03-18, 22:27:54.505, INFO , checkVtkVersion() : Source version: vtk version 9.1.0
2024-03-18, 22:27:54.505, INFO , checkVtkVersion() : Major Version: 9
2024-03-18, 22:27:54.505, INFO , checkVtkVersion() : Minor version: 1
2024-03-18, 22:27:58.746, ERROR, RobotUtility::getCurrentRobotPoseByRCF() : Error:Network connection to 192.168.1.3:50001 timed out after 2000 ms (server not started?).
2024-03-18, 22:28:02.755, ERROR, RobotUtility::getCurrentRobotPoseByRCF() : Error:Network connection to 192.168.1.3:50001 timed out after 2000 ms (server not started?).
